SF:lib\data\datasources\movie_remote_data_source.dart
DA:16,0
DA:20,0
DA:21,0
DA:25,0
DA:26,0
DA:30,0
DA:31,0
DA:33,0
DA:38,0
DA:39,0
DA:41,0
DA:44,0
LF:12
LH:0
end_of_record
SF:lib\data\models\movie_model.dart
DA:5,1
DA:14,1
DA:25,1
DA:28,1
DA:29,1
DA:30,1
DA:31,1
DA:32,1
DA:33,1
DA:34,1
DA:35,2
DA:36,1
LF:12
LH:12
end_of_record
SF:lib\domain\entities\movie.dart
DA:14,1
DA:25,1
DA:26,1
DA:27,1
DA:28,1
DA:29,1
DA:30,1
DA:31,1
DA:32,1
DA:33,1
DA:34,1
LF:11
LH:11
end_of_record
SF:lib\core\network\network_info.dart
DA:10,1
DA:12,1
DA:13,2
LF:3
LH:3
end_of_record
SF:lib\core\error\failure.dart
DA:6,1
DA:10,3
LF:2
LH:2
end_of_record
SF:lib\data\repositories\movie_repository_impl.dart
DA:14,1
DA:20,1
DA:21,3
DA:23,3
DA:24,1
DA:25,1
DA:26,2
DA:29,0
DA:33,1
DA:36,3
DA:39,3
DA:40,1
DA:41,1
DA:42,2
DA:45,0
LF:15
LH:13
end_of_record
SF:lib\domain\usecases\get_all_movies.dart
DA:11,1
DA:13,1
DA:14,3
DA:19,0
DA:20,0
LF:5
LH:3
end_of_record
SF:lib\domain\usecases\search_movies.dart
DA:12,1
DA:14,1
DA:15,3
DA:16,1
DA:24,1
DA:28,0
DA:29,0
LF:7
LH:5
end_of_record
SF:lib\presentation\bloc\movie_event.dart
DA:4,1
DA:8,0
DA:14,0
DA:18,0
LF:4
LH:1
end_of_record
SF:lib\presentation\bloc\movie_state.dart
DA:4,1
DA:8,1
DA:9,1
DA:13,0
DA:14,0
DA:20,0
DA:24,0
DA:30,1
DA:34,1
DA:35,2
LF:10
LH:6
end_of_record
SF:lib\presentation\bloc\movie_bloc.dart
DA:19,1
DA:23,1
DA:24,1
DA:27,1
DA:31,1
DA:32,3
DA:33,2
DA:34,0
DA:35,0
DA:39,2
DA:43,0
DA:44,0
DA:45,0
DA:46,0
DA:50,0
DA:51,0
DA:52,0
DA:54,0
DA:59,0
DA:60,0
DA:64,0
DA:65,0
DA:66,0
LF:23
LH:8
end_of_record
